1611063947124	geckodriver	INFO	Listening on 127.0.0.1:42493
1611063948063	mozrunner::runner	INFO	Running command: "/usr/bin/firefox" "--marionette" "-headless" "-foreground" "-no-remote" "-profile" "/tmp/rust_mozprofileBYHURM"
*** You are running in headless mode.

(firefox:11075): GLib-GObject-WARNING **: 10:45:49.757: invalid (NULL) pointer instance

(firefox:11075): GLib-GObject-CRITICAL **: 10:45:49.757: g_signal_connect_data: assertion 'G_TYPE_CHECK_INSTANCE (instance)' failed

(/usr/lib64/firefox/firefox:11368): GLib-GObject-WARNING **: 10:45:50.978: invalid (NULL) pointer instance

(/usr/lib64/firefox/firefox:11368): GLib-GObject-CRITICAL **: 10:45:50.978: g_signal_connect_data: assertion 'G_TYPE_CHECK_INSTANCE (instance)' failed

(/usr/lib64/firefox/firefox:11390): GLib-GObject-WARNING **: 10:45:51.241: invalid (NULL) pointer instance

(/usr/lib64/firefox/firefox:11390): GLib-GObject-CRITICAL **: 10:45:51.241: g_signal_connect_data: assertion 'G_TYPE_CHECK_INSTANCE (instance)' failed
console.warn: SearchSettings: "get: No settings file exists, new profile?" (new Error("", "(unknown module)"))

(/usr/lib64/firefox/firefox:11449): GLib-GObject-WARNING **: 10:45:53.395: invalid (NULL) pointer instance

(/usr/lib64/firefox/firefox:11449): GLib-GObject-CRITICAL **: 10:45:53.395: g_signal_connect_data: assertion 'G_TYPE_CHECK_INSTANCE (instance)' failed

(/usr/lib64/firefox/firefox:11481): GLib-GObject-WARNING **: 10:45:54.282: invalid (NULL) pointer instance

(/usr/lib64/firefox/firefox:11481): GLib-GObject-CRITICAL **: 10:45:54.282: g_signal_connect_data: assertion 'G_TYPE_CHECK_INSTANCE (instance)' failed
1611063954842	Marionette	INFO	Listening on port 40183
1611063954914	Marionette	WARN	TLS certificate errors will be ignored for this session
1611063954950	Marionette	INFO	Stopped listening on port 40183
JavaScript error: resource://activity-stream/lib/ASRouter.jsm, line 987: NS_ERROR_ILLEGAL_VALUE: Component returned failure code: 0x80070057 (NS_ERROR_ILLEGAL_VALUE) [nsIObserverService.removeObserver]
console.error: Region.jsm: "Error fetching region" (new TypeError("NetworkError when attempting to fetch resource.", ""))
console.error: Region.jsm: "Failed to fetch region" (new Error("NO_RESULT", "resource://gre/modules/Region.jsm", 376))
JavaScript error: resource://gre/modules/BackgroundPageThumbs.jsm, line 309: TypeError: this._captureQueue is undefined
